生成启动时间为 7/1/2018 8:57:05 PM。
     1>项目“G:\ProtypePt2ToBMP\ProtypePt2ToBMP\ProtypePt2ToBMP.vcxproj”在节点 2 上(Build 个目标)。
     1>ClCompile:
         D:\VSProgram\Microsoft Visual Studio 12.0\VC\bin\CL.exe /c /Zi /nologo /W3 /WX- /O2 /Oi /Oy- /GL /D WIN32 /D NDEBUG /D _CONSOLE /D _LIB /D _UNICODE /D UNICODE /Gm- /EHsc /MT /GS /Gy /Zc:wchar_t /Zc:forScope /Fo"Release\\" /Fd"Release\vc120.pdb" /Gd /TP /analyze- /errorReport:prompt ProtypePt2ToBMP.cpp
         ProtypePt2ToBMP.cpp
     1>ProtypePt2ToBMP.cpp(213): warning C4996: '_wfopen': This function or variable may be unsafe. Consider using _wfopen_s instead. To disable deprecation, use _CRT_SECURE_NO_WARNINGS. See online help for details.
                 D:\VSProgram\Microsoft Visual Studio 12.0\VC\include\stdio.h(590) : 参见“_wfopen”的声明
     1>ProtypePt2ToBMP.cpp(288): warning C4996: '_wfopen': This function or variable may be unsafe. Consider using _wfopen_s instead. To disable deprecation, use _CRT_SECURE_NO_WARNINGS. See online help for details.
                 D:\VSProgram\Microsoft Visual Studio 12.0\VC\include\stdio.h(590) : 参见“_wfopen”的声明
     1>ProtypePt2ToBMP.cpp(303): warning C4244: “=”: 从“DWORD”转换到“WORD”，可能丢失数据
     1>ProtypePt2ToBMP.cpp(334): warning C4996: '_wfopen': This function or variable may be unsafe. Consider using _wfopen_s instead. To disable deprecation, use _CRT_SECURE_NO_WARNINGS. See online help for details.
                 D:\VSProgram\Microsoft Visual Studio 12.0\VC\include\stdio.h(590) : 参见“_wfopen”的声明
       Link:
         D:\VSProgram\Microsoft Visual Studio 12.0\VC\bin\link.exe /ERRORREPORT:PROMPT /OUT:"G:\ProtypePt2ToBMP\Release\ProtypePt2ToBMP.exe" /INCREMENTAL:NO /NOLOGO kernel32.lib user32.lib gdi32.lib winspool.lib comdlg32.lib advapi32.lib shell32.lib ole32.lib oleaut32.lib uuid.lib odbc32.lib odbccp32.lib /MANIFEST /MANIFESTUAC:"level='asInvoker' uiAccess='false'" /manifest:embed /DEBUG /PDB:"G:\ProtypePt2ToBMP\Release\ProtypePt2ToBMP.pdb" /SUBSYSTEM:CONSOLE /OPT:REF /OPT:ICF /LTCG /TLBID:1 /DYNAMICBASE /NXCOMPAT /IMPLIB:"G:\ProtypePt2ToBMP\Release\ProtypePt2ToBMP.lib" /MACHINE:X86 /SAFESEH Release\ProtypePt2ToBMP.obj
         Release\stdafx.obj
         正在生成代码
         已完成代码的生成
     1>lib_json.lib(json_value.obj) : warning LNK4099: 未找到 PDB“vc120.pdb”(使用“lib_json.lib(json_value.obj)”或在“G:\ProtypePt2ToBMP\Release\vc120.pdb”中寻找)；正在链接对象，如同没有调试信息一样
     1>lib_json.lib(json_writer.obj) : warning LNK4099: 未找到 PDB“vc120.pdb”(使用“lib_json.lib(json_writer.obj)”或在“G:\ProtypePt2ToBMP\Release\vc120.pdb”中寻找)；正在链接对象，如同没有调试信息一样
         ProtypePt2ToBMP.vcxproj -> G:\ProtypePt2ToBMP\Release\ProtypePt2ToBMP.exe
     1>已完成生成项目“G:\ProtypePt2ToBMP\ProtypePt2ToBMP\ProtypePt2ToBMP.vcxproj”(Build 个目标)的操作。

生成成功。

已用时间 00:00:01.61
